current time：1
+-------+------+-------+-------+--------+
| index |  Ai  |  Ri   |  Ci   |   Di   |
+-------+------+-------+-------+--------+
|  16   | 0.0  | 9.83  | 12.34 | 35.39  |
+-------+------+-------+-------+--------+
|  17   | 0.05 | 5.09  | 12.29 | 43.56  |
+-------+------+-------+-------+--------+
|  65   | 0.1  | 11.14 | 10.4  | 44.19  |
+-------+------+-------+-------+--------+
|  42   | 0.15 | 8.67  | 11.85 | 44.87  |
+-------+------+-------+-------+--------+
|  76   | 0.2  | 19.99 | 11.25 | 49.65  |
+-------+------+-------+-------+--------+
|  57   | 0.25 | 9.45  | 11.29 | 50.23  |
+-------+------+-------+-------+--------+
|   9   | 0.3  | 2.72  | 19.61 | 50.24  |
+-------+------+-------+-------+--------+
|  13   | 0.35 | 4.63  | 12.77 | 51.05  |
+-------+------+-------+-------+--------+
|   8   | 0.4  | 19.85 | 12.88 | 51.16  |
+-------+------+-------+-------+--------+
|  74   | 0.45 | 3.01  | 24.72 | 54.52  |
+-------+------+-------+-------+--------+
|  87   | 0.5  | 16.8  | 11.58 | 57.17  |
+-------+------+-------+-------+--------+
|  32   | 0.55 | 15.8  | 12.55 | 57.69  |
+-------+------+-------+-------+--------+
|   3   | 0.6  | 21.22 | 15.25 | 60.49  |
+-------+------+-------+-------+--------+
|  12   | 0.65 | 8.53  | 13.13 |  62.3  |
+-------+------+-------+-------+--------+
|  64   | 0.7  | 23.49 | 14.07 | 62.32  |
+-------+------+-------+-------+--------+
|  31   | 0.75 | 11.96 | 22.2  | 63.44  |
+-------+------+-------+-------+--------+
|  59   | 0.8  | 8.37  | 10.47 | 64.51  |
+-------+------+-------+-------+--------+
|  54   | 0.85 | 6.25  | 25.53 | 66.33  |
+-------+------+-------+-------+--------+
|  28   | 0.9  | 24.23 | 12.65 | 67.13  |
+-------+------+-------+-------+--------+
|  91   | 0.95 | 10.69 | 12.76 | 67.41  |
+-------+------+-------+-------+--------+
|  82   | 1.0  | 5.96  | 22.83 | 67.78  |
+-------+------+-------+-------+--------+
|  62   | 1.05 | 25.03 | 18.35 | 68.95  |
+-------+------+-------+-------+--------+
|  18   | 1.1  | 19.47 | 21.82 | 69.06  |
+-------+------+-------+-------+--------+
|  43   | 1.15 | 9.22  | 11.14 | 69.77  |
+-------+------+-------+-------+--------+
|  81   | 1.2  | 29.24 | 19.72 | 70.48  |
+-------+------+-------+-------+--------+
|  79   | 1.25 | 27.76 | 12.23 | 71.84  |
+-------+------+-------+-------+--------+
|  53   | 1.3  | 0.62  | 21.61 | 72.72  |
+-------+------+-------+-------+--------+
|  21   | 1.35 | 22.37 | 22.88 | 73.75  |
+-------+------+-------+-------+--------+
|  33   | 1.4  | 18.82 | 22.61 | 76.02  |
+-------+------+-------+-------+--------+
|  34   | 1.45 | 11.42 | 24.8  | 76.78  |
+-------+------+-------+-------+--------+
|  93   | 1.5  | 2.17  | 12.89 | 79.45  |
+-------+------+-------+-------+--------+
|  14   | 1.55 | 15.36 | 20.4  | 79.52  |
+-------+------+-------+-------+--------+
|  73   | 1.6  | 7.89  | 29.62 | 79.66  |
+-------+------+-------+-------+--------+
|  100  | 1.65 | 0.27  | 26.48 |  79.9  |
+-------+------+-------+-------+--------+
|  78   | 1.7  | 10.89 | 14.61 |  81.1  |
+-------+------+-------+-------+--------+
|  67   | 1.75 | 29.88 | 11.05 | 83.04  |
+-------+------+-------+-------+--------+
|  89   | 1.8  | 0.54  | 23.09 | 84.08  |
+-------+------+-------+-------+--------+
|  84   | 1.85 | 18.29 | 18.53 | 85.68  |
+-------+------+-------+-------+--------+
|  75   | 1.9  | 5.91  | 29.61 | 86.76  |
+-------+------+-------+-------+--------+
|  10   | 1.95 | 1.19  | 28.11 | 87.03  |
+-------+------+-------+-------+--------+
|  39   | 2.0  | 16.83 | 19.64 |  87.2  |
+-------+------+-------+-------+--------+
|  85   | 2.05 | 21.73 | 14.36 | 87.44  |
+-------+------+-------+-------+--------+
|  66   | 2.1  | 25.15 | 15.04 | 87.79  |
+-------+------+-------+-------+--------+
|  99   | 2.15 | 19.91 | 13.98 | 87.95  |
+-------+------+-------+-------+--------+
|  95   | 2.2  | 13.12 | 20.71 | 88.77  |
+-------+------+-------+-------+--------+
|   6   | 2.25 | 2.69  | 25.4  | 89.05  |
+-------+------+-------+-------+--------+
|  94   | 2.3  | 10.38 | 18.53 | 90.68  |
+-------+------+-------+-------+--------+
|  37   | 2.35 | 23.91 | 11.83 | 90.75  |
+-------+------+-------+-------+--------+
|  40   | 2.4  | 18.37 | 23.36 | 93.04  |
+-------+------+-------+-------+--------+
|  55   | 2.45 | 22.38 | 12.15 | 93.34  |
+-------+------+-------+-------+--------+
|  71   | 2.5  | 24.84 | 12.95 | 94.29  |
+-------+------+-------+-------+--------+
|  36   | 2.55 | 26.94 | 18.42 | 95.13  |
+-------+------+-------+-------+--------+
|  98   | 2.6  |  8.6  | 20.45 | 95.59  |
+-------+------+-------+-------+--------+
|  25   | 2.65 | 1.63  | 17.66 | 98.14  |
+-------+------+-------+-------+--------+
|   7   | 2.7  | 27.61 | 14.61 | 98.94  |
+-------+------+-------+-------+--------+
|  44   | 2.75 | 4.62  | 17.74 | 99.43  |
+-------+------+-------+-------+--------+
|   4   | 2.8  | 22.26 | 28.55 | 100.48 |
+-------+------+-------+-------+--------+
|  61   | 2.85 | 20.44 | 26.85 | 100.79 |
+-------+------+-------+-------+--------+
|  26   | 2.9  | 23.86 | 14.84 | 103.11 |
+-------+------+-------+-------+--------+
|  80   | 2.95 | 14.7  | 15.17 | 105.41 |
+-------+------+-------+-------+--------+
|  96   | 3.0  | 17.45 | 15.34 | 105.74 |
+-------+------+-------+-------+--------+
|  72   | 3.05 | 29.44 | 21.11 | 107.68 |
+-------+------+-------+-------+--------+
|  22   | 3.1  | 20.7  | 17.44 | 108.58 |
+-------+------+-------+-------+--------+
|  69   | 3.15 | 5.89  | 21.31 | 110.32 |
+-------+------+-------+-------+--------+
|  20   | 3.2  | 26.53 | 16.24 | 110.69 |
+-------+------+-------+-------+--------+
|  50   | 3.25 | 4.39  | 23.8  | 110.93 |
+-------+------+-------+-------+--------+
|   1   | 3.3  | 6.53  | 27.1  | 112.24 |
+-------+------+-------+-------+--------+
|  83   | 3.35 |  5.4  | 21.62 | 113.32 |
+-------+------+-------+-------+--------+
|   5   | 3.4  | 20.91 | 28.39 | 115.12 |
+-------+------+-------+-------+--------+
|  41   | 3.45 | 9.46  | 27.6  | 115.86 |
+-------+------+-------+-------+--------+
|  77   | 3.5  | 26.61 | 16.36 | 116.08 |
+-------+------+-------+-------+--------+
|  86   | 3.55 | 11.35 | 26.35 | 120.87 |
+-------+------+-------+-------+--------+
|  48   | 3.6  | 13.48 | 21.37 | 121.7  |
+-------+------+-------+-------+--------+
|  60   | 3.65 | 5.26  | 20.8  | 121.71 |
+-------+------+-------+-------+--------+
|  90   | 3.7  | 19.9  | 23.03 | 122.9  |
+-------+------+-------+-------+--------+
|  24   | 3.75 | 21.32 | 20.06 | 123.63 |
+-------+------+-------+-------+--------+
|  30   | 3.8  | 13.59 | 27.54 | 123.82 |
+-------+------+-------+-------+--------+
|  97   | 3.85 | 12.18 | 28.85 | 125.7  |
+-------+------+-------+-------+--------+
|  23   | 3.9  | 19.47 | 21.93 | 129.15 |
+-------+------+-------+-------+--------+
|  49   | 3.95 | 13.11 | 23.13 | 129.28 |
+-------+------+-------+-------+--------+
|  58   | 4.0  | 21.11 | 18.89 | 129.57 |
+-------+------+-------+-------+--------+
|  35   | 4.05 | 27.38 | 25.36 | 130.59 |
+-------+------+-------+-------+--------+
|  27   | 4.1  |  6.1  | 23.05 | 130.95 |
+-------+------+-------+-------+--------+
|  88   | 4.15 | 12.09 | 28.97 | 133.81 |
+-------+------+-------+-------+--------+
|  68   | 4.2  | 7.68  | 21.9  | 137.65 |
+-------+------+-------+-------+--------+
|   2   | 4.25 | 5.99  | 25.37 | 137.74 |
+-------+------+-------+-------+--------+
|  15   | 4.3  | 27.32 | 20.34 | 139.28 |
+-------+------+-------+-------+--------+
|  19   | 4.35 | 28.88 | 26.05 | 139.9  |
+-------+------+-------+-------+--------+
|  11   | 4.4  | 26.44 | 25.05 | 156.11 |
+-------+------+-------+-------+--------+
|  70   | 4.45 | 7.31  | 26.58 | 156.99 |
+-------+------+-------+-------+--------+
|  38   | 4.5  | 17.76 | 25.25 | 159.75 |
+-------+------+-------+-------+--------+
|  46   | 4.55 | 0.84  | 27.2  | 160.64 |
+-------+------+-------+-------+--------+
|  56   | 4.6  | 27.02 | 23.53 | 161.17 |
+-------+------+-------+-------+--------+
|  47   | 4.65 | 28.12 | 27.79 | 163.26 |
+-------+------+-------+-------+--------+
|  63   | 4.7  | 4.27  | 28.0  | 166.73 |
+-------+------+-------+-------+--------+
|  29   | 4.75 | 22.15 | 25.8  | 168.28 |
+-------+------+-------+-------+--------+
|  45   | 4.8  | 27.33 | 24.15 | 169.18 |
+-------+------+-------+-------+--------+
|  92   | 4.85 | 24.0  | 27.58 | 178.12 |
+-------+------+-------+-------+--------+
|  52   | 4.9  | 23.21 | 26.83 | 178.61 |
+-------+------+-------+-------+--------+
|  51   | 4.95 | 28.8  | 27.67 | 182.43 |
+-------+------+-------+-------+--------+

cpv.fitness:  [19. 20. 19. 19. 21. 20. 19. 20. 20. 19. 19. 19. 20. 19. 19. 19. 20. 20.
 20. 20. 20. 19. 20. 20. 19. 20. 20. 20. 20. 20. 19. 20. 20. 20. 20. 19.
 19. 19. 20. 20. 19. 19. 19. 19. 20. 19. 20. 19. 20. 20.]

 ============== GEN:  1  ============== 

cpv.fitness:  [20. 19. 20. 20. 20. 20. 21. 20. 19. 20. 20. 20. 20. 20. 20. 20. 19. 20.
 20. 19. 20. 20. 20. 19. 20. 20. 19. 19. 21. 20. 20. 19. 20. 20. 20. 19.
 21. 20. 20. 21. 20. 20. 20. 19. 19. 19. 20. 19. 20. 19.]
############ global best ############
gbest schedule | [-1 31 -1 -1 91 -1 -1 82 59 28 -1 -1 54 -1 -1]
gbest fitness  | 21.0
############ pbest ############
schedule_0 | [-1. 91. -1. -1. 54. -1. -1. -1. 28. 59. -1. -1. 31. -1. 82.] | fitness: 20.0
schedule_1 | [59. 91. -1. -1. 54. -1. 82. -1. 28. -1. -1. -1. -1. 31. -1.] | fitness: 20.0
schedule_2 | [-1. 59. -1. -1. -1. 91. -1. -1. 82. 54. -1. -1. 28. -1. 31.] | fitness: 20.0
schedule_3 | [-1. 28. -1. -1. -1. 91. -1. -1. 31. 54. -1. -1. 59. -1. 82.] | fitness: 20.0
schedule_4 | [-1. 31. -1. -1. 59. 91. -1. -1. 82. 28. -1. -1. 54. -1. -1.] | fitness: 21.0
schedule_5 | [-1. 28. -1. -1. -1. 91. 31. -1. 54. 59. -1. 82. -1. -1. -1.] | fitness: 20.0
schedule_6 | [-1. 31. -1. -1. 59. 91. -1. -1. 54. 28. -1. -1. -1. -1. 82.] | fitness: 21.0
schedule_7 | [-1. 31. -1. -1. 28. 54. -1. -1. -1. 59. -1. 91. -1. -1. 82.] | fitness: 20.0
schedule_8 | [54. 31. 82. -1. -1. -1. 59. -1. 28. -1. -1. -1. -1. 91. -1.] | fitness: 20.0
schedule_9 | [82. 31. -1. -1. 59. 28. -1. -1. 91. 54. -1. -1. -1. -1. -1.] | fitness: 20.0
schedule_10 | [91. 54. -1. -1. 82. -1. -1. -1. 59. 31. -1. -1. 28. -1. -1.] | fitness: 20.0
schedule_11 | [28. 31. -1. -1. -1. 59. 82. -1. -1. 54. -1. -1. -1. -1. 91.] | fitness: 20.0
schedule_12 | [-1. 28. -1. -1. 82. 54. -1. -1. 31. -1. -1. -1. 59. -1. 91.] | fitness: 20.0
schedule_13 | [-1. 31. -1. -1. 59. 54. -1. -1. 28. 91. -1. -1. 82. -1. -1.] | fitness: 20.0
schedule_14 | [-1. 59. -1. -1. 91. 54. -1. -1. -1. 82. -1. -1. 28. -1. 31.] | fitness: 20.0
schedule_15 | [-1. 31. -1. -1. 28. 59. -1. -1. 54. 91. -1. -1. 82. -1. -1.] | fitness: 20.0
schedule_16 | [-1. -1. -1. -1. -1. -1. 28. -1. -1. 31. -1. 54. 82. 91. 59.] | fitness: 20.0
schedule_17 | [-1. 31. -1. -1. 54. 28. -1. -1. -1. 82. -1. -1. 59. -1. 91.] | fitness: 20.0
schedule_18 | [-1. 31. -1. 82. 59. 54. -1. -1. 28. 91. -1. -1. -1. -1. -1.] | fitness: 20.0
schedule_19 | [-1. -1. -1. 54. -1. 28. -1. -1. 31. 59. 82. -1. 91. -1. -1.] | fitness: 20.0
schedule_20 | [82. -1. -1. -1. 54. -1. -1. -1. 59. 31. -1. -1. -1. 28. 91.] | fitness: 20.0
schedule_21 | [-1. 31. 82. -1. 59. -1. -1. -1. 54. -1. -1. -1. 28. -1. 91.] | fitness: 20.0
schedule_22 | [-1. 31. -1. -1. 28. -1. -1. 59. 91. -1. -1. -1. 82. -1. 54.] | fitness: 20.0
schedule_23 | [82. 54. -1. -1. -1. 28. -1. -1. 31. -1. 59. 91. -1. -1. -1.] | fitness: 20.0
schedule_24 | [-1. 31. -1. 91. 82. -1. 59. -1. 54. -1. -1. -1. 28. -1. -1.] | fitness: 20.0
schedule_25 | [-1. 31. -1. 82. 28. -1. -1. -1. -1. 54. -1. -1. 59. -1. 91.] | fitness: 20.0
schedule_26 | [-1. -1. -1. 28. 54. 59. -1. 82. 91. 31. -1. -1. -1. -1. -1.] | fitness: 20.0
schedule_27 | [31. -1. -1. -1. 91. -1. -1. 28. 59. -1. -1. -1. 82. -1. 54.] | fitness: 20.0
schedule_28 | [-1. 31. -1. -1. 59. 82. -1. -1. 54. 28. -1. -1. -1. -1. 91.] | fitness: 21.0
schedule_29 | [-1. 54. -1. -1. 82. 28. -1. -1. -1. 91. -1. -1. 59. -1. 31.] | fitness: 20.0
schedule_30 | [-1. 54. -1. -1. 31. -1. -1. 82. 91. 28. -1. -1. 59. -1. -1.] | fitness: 20.0
schedule_31 | [-1. 59. 28. -1. -1. -1. -1. 31. 54. -1. -1. -1. 91. 82. -1.] | fitness: 20.0
schedule_32 | [54. 91. -1. -1. 59. -1. -1. -1. -1. -1. -1. 82. 31. -1. 28.] | fitness: 20.0
schedule_33 | [-1. 31. -1. 91. -1. 82. -1. -1. 28. 59. -1. -1. 54. -1. -1.] | fitness: 20.0
schedule_34 | [-1. 82. -1. -1. 54. 28. -1. -1. -1. 91. -1. -1. 31. -1. 59.] | fitness: 20.0
schedule_35 | [-1. 54. -1. -1. 31. 82. -1. -1. -1. -1. 28. -1. 91. -1. 59.] | fitness: 19.0
schedule_36 | [-1. -1. -1. -1. 82. 59. -1. -1. -1. 28. 54. -1. 31. -1. 91.] | fitness: 21.0
schedule_37 | [-1. 31. -1. -1. 59. 82. -1. -1. 91. 54. -1. -1. 28. -1. -1.] | fitness: 20.0
schedule_38 | [-1. -1. -1. -1. -1. 31. -1. -1. 59. 28. -1. -1. 91. 82. 54.] | fitness: 20.0
schedule_39 | [-1. 31. -1. -1. 91. -1. -1. 82. 59. 28. -1. -1. 54. -1. -1.] | fitness: 21.0
schedule_40 | [-1. 31. -1. -1. 91. 28. -1. -1. -1. -1. 59. -1. 54. -1. 82.] | fitness: 20.0
schedule_41 | [-1. 31. -1. -1. 91. 59. -1. -1. 54. -1. -1. -1. 28. -1. 82.] | fitness: 20.0
schedule_42 | [-1. 31. -1. -1. 54. 28. -1. -1. -1. -1. -1. 91. 59. -1. 82.] | fitness: 20.0
schedule_43 | [-1. -1. -1. -1. 31. 59. 82. -1. 91. -1. -1. -1. 54. -1. 28.] | fitness: 19.0
schedule_44 | [-1. -1. 82. 59. -1. 91. 31. 54. -1. -1. 28. -1. -1. -1. -1.] | fitness: 20.0
schedule_45 | [-1. 54. -1. -1. 31. 82. -1. -1. -1. 91. -1. -1. 28. -1. 59.] | fitness: 19.0
schedule_46 | [-1. 31. -1. -1. 59. 28. 91. 82. -1. -1. -1. -1. -1. -1. 54.] | fitness: 20.0
schedule_47 | [-1. 91. -1. -1. 31. -1. -1. 82. 59. 54. -1. -1. 28. -1. -1.] | fitness: 19.0
schedule_48 | [28. 82. -1. 59. 91. 54. -1. -1. -1. -1. -1. -1. 31. -1. -1.] | fitness: 20.0
schedule_49 | [-1. -1. -1. 54. -1. 28. 59. 31. -1. 91. -1. -1. 82. -1. -1.] | fitness: 20.0

 ============== GEN:  2  ============== 

cpv.fitness:  [19. 20. 19. 21. 21. 20. 20. 21. 19. 19. 21. 20. 20. 20. 21. 20. 20. 20.
 20. 20. 20. 20. 19. 20. 20. 20. 20. 20. 20. 21. 21. 21. 20. 19. 19. 21.
 20. 20. 20. 20. 20. 20. 20. 19. 19. 20. 20. 21. 20. 20.]
############ global best ############
gbest schedule | [-1 31 -1 -1 82 91 -1 -1 59 28 -1 -1 54 -1 -1]
gbest fitness  | 21.0
############ pbest ############
schedule_0 | [-1. 91. -1. -1. 54. -1. -1. -1. 28. 59. -1. -1. 31. -1. 82.] | fitness: 20.0
schedule_1 | [-1. 54. -1. -1. -1. -1. -1. -1. 31. 91. 82. -1. 28. 59. -1.] | fitness: 20.0
schedule_2 | [-1. 59. -1. -1. -1. 91. -1. -1. 82. 54. -1. -1. 28. -1. 31.] | fitness: 20.0
schedule_3 | [-1. 31. -1. -1. -1. -1. -1. 82. 59. 28. -1. -1. 54. -1. 91.] | fitness: 21.0
schedule_4 | [-1. 31. -1. 91. 82. -1. -1. -1. 59. 28. -1. -1. 54. -1. -1.] | fitness: 21.0
schedule_5 | [-1. 28. -1. -1. 54. -1. 82. 91. 31. -1. -1. -1. 59. -1. -1.] | fitness: 20.0
schedule_6 | [-1. 31. -1. -1. 59. 91. -1. -1. 54. 28. -1. -1. -1. -1. 82.] | fitness: 21.0
schedule_7 | [-1. 31. -1. -1. 54. -1. -1. -1. 59. 28. -1. 91. -1. -1. 82.] | fitness: 21.0
schedule_8 | [54. 31. 82. -1. -1. -1. 59. -1. 28. -1. -1. -1. -1. 91. -1.] | fitness: 20.0
schedule_9 | [82. 31. -1. -1. 59. 28. -1. -1. 91. 54. -1. -1. -1. -1. -1.] | fitness: 20.0
schedule_10 | [-1. 31. -1. -1. 59. 82. -1. -1. 54. 28. -1. -1. 91. -1. -1.] | fitness: 21.0
schedule_11 | [54. 31. 28. -1. 82. -1. -1. -1. -1. 59. -1. -1. 91. -1. -1.] | fitness: 20.0
schedule_12 | [-1. 31. -1. -1. -1. 82. -1. -1. 54. 91. -1. 28. 59. -1. -1.] | fitness: 20.0
schedule_13 | [-1. 31. -1. -1. 59. -1. -1. -1. 82. 91. -1. -1. 28. -1. 54.] | fitness: 20.0
schedule_14 | [-1. 31. -1. -1. -1. 91. -1. -1. 59. 28. 54. -1. -1. 82. -1.] | fitness: 21.0
schedule_15 | [-1. 54. -1. -1. 82. -1. -1. -1. 59. 91. -1. 31. 28. -1. -1.] | fitness: 20.0
schedule_16 | [-1. 31. -1. 91. -1. -1. -1. -1. 54. 82. -1. -1. 28. 59. -1.] | fitness: 20.0
schedule_17 | [-1. 54. -1. 82. -1. -1. -1. -1. 31. 59. -1. -1. 91. -1. 28.] | fitness: 20.0
schedule_18 | [-1. 28. 82. -1. -1. -1. -1. -1. 31. 54. -1. -1. 59. -1. 91.] | fitness: 20.0
schedule_19 | [-1. 31. -1. -1. 28. 82. -1. -1. 59. -1. -1. -1. 54. -1. 91.] | fitness: 20.0
schedule_20 | [-1. 82. 91. -1. -1. -1. -1. -1. 31. 28. -1. -1. 54. 59. -1.] | fitness: 20.0
schedule_21 | [-1. 31. -1. -1. 91. -1. -1. 82. 28. 54. -1. -1. 59. -1. -1.] | fitness: 20.0
schedule_22 | [-1. 31. -1. -1. 28. -1. -1. 59. 91. -1. -1. -1. 82. -1. 54.] | fitness: 20.0
schedule_23 | [-1. 59. 28. -1. -1. -1. 82. -1. 54. 91. -1. -1. 31. -1. -1.] | fitness: 20.0
schedule_24 | [-1. 31. 82. -1. -1. 28. -1. -1. -1. 54. -1. -1. 59. -1. 91.] | fitness: 20.0
schedule_25 | [82. 59. -1. -1. -1. 28. -1. 31. 91. -1. -1. -1. 54. -1. -1.] | fitness: 20.0
schedule_26 | [-1. 28. -1. -1. -1. -1. 91. -1. 59. 82. 54. -1. 31. -1. -1.] | fitness: 20.0
schedule_27 | [-1. 59. -1. -1. -1. 91. -1. 82. 31. -1. -1. -1. 54. -1. 28.] | fitness: 20.0
schedule_28 | [-1. 31. -1. -1. 59. 82. -1. -1. 54. 28. -1. -1. -1. -1. 91.] | fitness: 21.0
schedule_29 | [-1. 31. -1. -1. 91. -1. -1. 82. 59. 28. -1. -1. 54. -1. -1.] | fitness: 21.0
schedule_30 | [-1. 82. -1. -1. 91. 54. -1. -1. 31. 28. -1. -1. 59. -1. -1.] | fitness: 21.0
schedule_31 | [-1. -1. -1. -1. -1. -1. 54. -1. 31. 28. 82. -1. 59. -1. 91.] | fitness: 21.0
schedule_32 | [-1. 31. -1. 91. 59. -1. -1. 82. -1. -1. -1. 54. -1. -1. 28.] | fitness: 20.0
schedule_33 | [-1. 31. -1. 91. -1. 82. -1. -1. 28. 59. -1. -1. 54. -1. -1.] | fitness: 20.0
schedule_34 | [-1. 82. -1. -1. 54. 28. -1. -1. -1. 91. -1. -1. 31. -1. 59.] | fitness: 20.0
schedule_35 | [-1. -1. -1. 54. -1. 91. -1. -1. 31. 28. -1. -1. 59. -1. 82.] | fitness: 21.0
schedule_36 | [-1. -1. -1. -1. 82. 59. -1. -1. -1. 28. 54. -1. 31. -1. 91.] | fitness: 21.0
schedule_37 | [-1. 28. -1. -1. 82. 54. -1. -1. 31. 59. -1. -1. 91. -1. -1.] | fitness: 20.0
schedule_38 | [-1. 31. -1. 91. 82. -1. -1. -1. 59. -1. -1. -1. 54. -1. 28.] | fitness: 20.0
schedule_39 | [-1. 31. -1. -1. 91. -1. -1. 82. 59. 28. -1. -1. 54. -1. -1.] | fitness: 21.0
schedule_40 | [91. -1. -1. -1. -1. -1. -1. -1. 54. 31. 28. 82. 59. -1. -1.] | fitness: 20.0
schedule_41 | [-1. 91. -1. -1. -1. 31. -1. -1. -1. 28. 59. -1. 54. -1. 82.] | fitness: 20.0
schedule_42 | [-1. 31. -1. -1. 59. 91. -1. -1. 54. 82. -1. -1. 28. -1. -1.] | fitness: 20.0
schedule_43 | [-1. 82. -1. -1. -1. 31. -1. -1. 59. 54. 28. -1. 91. -1. -1.] | fitness: 19.0
schedule_44 | [-1. -1. 82. 59. -1. 91. 31. 54. -1. -1. 28. -1. -1. -1. -1.] | fitness: 20.0
schedule_45 | [-1. 54. -1. -1. -1. 28. -1. 31. -1. 59. -1. 82. -1. -1. 91.] | fitness: 20.0
schedule_46 | [-1. 31. -1. -1. 59. 82. -1. -1. 91. -1. -1. -1. 54. 28. -1.] | fitness: 20.0
schedule_47 | [-1. 31. -1. -1. 82. 91. -1. -1. 59. 28. -1. -1. 54. -1. -1.] | fitness: 21.0
schedule_48 | [-1. 31. -1. 28. -1. -1. -1. 59. 82. 91. -1. -1. 54. -1. -1.] | fitness: 20.0
schedule_49 | [-1. 31. -1. -1. 82. -1. -1. -1. 28. 59. -1. -1. 54. -1. 91.] | fitness: 20.0

 ============== GEN:  3  ============== 

cpv.fitness:  [21. 21. 20. 21. 20. 19. 20. 20. 18. 21. 19. 20. 20. 20. 20. 20. 20. 20.
 20. 19. 20. 20. 20. 20. 19. 20. 20. 21. 21. 20. 20. 20. 20. 20. 21. 20.
 20. 20. 20. 20. 20. 19. 21. 20. 19. 21. 20. 20. 21. 20.]
############ global best ############
gbest schedule | [-1 31 -1 -1 54 91 -1 -1 82 28 -1 -1 59 -1 -1]
gbest fitness  | 21.0
############ pbest ############
schedule_0 | [-1. 31. -1. -1. 91. -1. -1. 82. 59. 28. -1. -1. 54. -1. -1.] | fitness: 21.0
schedule_1 | [-1. 31. -1. -1. -1. -1. 82. 91. 59. 28. -1. -1. 54. -1. -1.] | fitness: 21.0
schedule_2 | [-1. 54. -1. -1. 28. 59. -1. 91. -1. 82. -1. -1. 31. -1. -1.] | fitness: 20.0
schedule_3 | [82. 31. -1. -1. -1. 91. -1. -1. 59. 28. -1. -1. 54. -1. -1.] | fitness: 21.0
schedule_4 | [-1. 31. -1. 91. 82. -1. -1. -1. 59. 28. -1. -1. 54. -1. -1.] | fitness: 21.0
schedule_5 | [-1. 28. -1. -1. 54. -1. 82. 91. 31. -1. -1. -1. 59. -1. -1.] | fitness: 20.0
schedule_6 | [-1. 31. -1. -1. 59. 91. -1. -1. 54. 28. -1. -1. -1. -1. 82.] | fitness: 21.0
schedule_7 | [-1. 31. -1. -1. 54. -1. -1. -1. 59. 28. -1. 91. -1. -1. 82.] | fitness: 21.0
schedule_8 | [54. 31. 82. -1. -1. -1. 59. -1. 28. -1. -1. -1. -1. 91. -1.] | fitness: 20.0
schedule_9 | [-1. 31. -1. -1. -1. -1. 59. 82. 91. 28. -1. -1. 54. -1. -1.] | fitness: 21.0
schedule_10 | [-1. 31. -1. -1. 59. 82. -1. -1. 54. 28. -1. -1. 91. -1. -1.] | fitness: 21.0
schedule_11 | [91. 31. -1. -1. 28. 59. -1. -1. -1. 54. -1. -1. 82. -1. -1.] | fitness: 20.0
schedule_12 | [-1. 91. -1. 82. -1. 54. -1. -1. 59. -1. -1. 31. 28. -1. -1.] | fitness: 20.0
schedule_13 | [-1. 59. -1. -1. 91. 28. -1. -1. 31. 54. -1. -1. 82. -1. -1.] | fitness: 20.0
schedule_14 | [-1. 31. -1. -1. -1. 91. -1. -1. 59. 28. 54. -1. -1. 82. -1.] | fitness: 21.0
schedule_15 | [82. -1. -1. -1. -1. 54. -1. 91. 31. 59. -1. -1. 28. -1. -1.] | fitness: 20.0
schedule_16 | [-1. 91. -1. -1. 54. 59. -1. 82. -1. -1. -1. 28. 31. -1. -1.] | fitness: 20.0
schedule_17 | [-1. -1. -1. -1. -1. -1. 31. -1. -1. 59. 82. -1. 54. 28. 91.] | fitness: 20.0
schedule_18 | [-1. 31. 82. -1. 28. -1. -1. -1. 91. 54. -1. -1. 59. -1. -1.] | fitness: 20.0
schedule_19 | [-1. 31. -1. -1. 28. 82. -1. -1. 59. -1. -1. -1. 54. -1. 91.] | fitness: 20.0
schedule_20 | [-1. 31. -1. 28. 59. 82. -1. -1. -1. 91. -1. -1. 54. -1. -1.] | fitness: 20.0
schedule_21 | [-1. 31. -1. -1. 59. -1. -1. 82. -1. 54. -1. -1. 91. 28. -1.] | fitness: 20.0
schedule_22 | [-1. 54. -1. -1. -1. -1. -1. 28. 31. 91. 59. -1. 82. -1. -1.] | fitness: 20.0
schedule_23 | [-1. 31. -1. -1. 59. -1. -1. -1. 54. 91. 82. -1. 28. -1. -1.] | fitness: 20.0
schedule_24 | [-1. 31. 82. -1. -1. 28. -1. -1. -1. 54. -1. -1. 59. -1. 91.] | fitness: 20.0
schedule_25 | [-1. 82. -1. -1. 54. -1. 28. -1. 31. 91. -1. -1. 59. -1. -1.] | fitness: 20.0
schedule_26 | [-1. 31. -1. -1. 28. -1. -1. 82. 59. 54. -1. 91. -1. -1. -1.] | fitness: 20.0
schedule_27 | [-1. 31. -1. -1. 82. 91. -1. -1. 59. 28. -1. -1. 54. -1. -1.] | fitness: 21.0
schedule_28 | [-1. 31. -1. -1. 54. 91. -1. 82. 59. 28. -1. -1. -1. -1. -1.] | fitness: 21.0
schedule_29 | [-1. 31. -1. -1. 91. -1. -1. 82. 59. 28. -1. -1. 54. -1. -1.] | fitness: 21.0
schedule_30 | [-1. 82. -1. -1. 91. 54. -1. -1. 31. 28. -1. -1. 59. -1. -1.] | fitness: 21.0
schedule_31 | [-1. -1. -1. -1. -1. -1. 54. -1. 31. 28. 82. -1. 59. -1. 91.] | fitness: 21.0
schedule_32 | [-1. -1. -1. -1. 54. 59. 91. 82. 28. 31. -1. -1. -1. -1. -1.] | fitness: 20.0
schedule_33 | [-1. 91. -1. -1. -1. 28. 31. -1. 82. 54. -1. -1. 59. -1. -1.] | fitness: 20.0
schedule_34 | [-1. 59. -1. -1. 54. 91. -1. -1. 82. 28. -1. -1. 31. -1. -1.] | fitness: 21.0
schedule_35 | [-1. -1. -1. 54. -1. 91. -1. -1. 31. 28. -1. -1. 59. -1. 82.] | fitness: 21.0
schedule_36 | [-1. -1. -1. -1. 82. 59. -1. -1. -1. 28. 54. -1. 31. -1. 91.] | fitness: 21.0
schedule_37 | [-1. -1. -1. -1. 28. -1. -1. 91. 31. 54. 82. -1. 59. -1. -1.] | fitness: 20.0
schedule_38 | [-1. 31. 91. -1. -1. -1. -1. 82. -1. 28. 59. -1. 54. -1. -1.] | fitness: 20.0
schedule_39 | [-1. 31. -1. -1. 91. -1. -1. 82. 59. 28. -1. -1. 54. -1. -1.] | fitness: 21.0
schedule_40 | [-1. -1. -1. -1. 54. 59. -1. 91. 28. -1. 82. -1. 31. -1. -1.] | fitness: 20.0
schedule_41 | [-1. 91. -1. -1. -1. 31. -1. -1. -1. 28. 59. -1. 54. -1. 82.] | fitness: 20.0
schedule_42 | [-1. 31. -1. -1. 82. -1. -1. -1. 54. 28. -1. 91. 59. -1. -1.] | fitness: 21.0
schedule_43 | [-1. 31. -1. 82. -1. 91. -1. -1. 54. 59. -1. -1. 28. -1. -1.] | fitness: 20.0
schedule_44 | [-1. -1. 82. 59. -1. 91. 31. 54. -1. -1. 28. -1. -1. -1. -1.] | fitness: 20.0
schedule_45 | [-1. 31. -1. -1. -1. 54. 82. 59. -1. 28. -1. -1. 91. -1. -1.] | fitness: 21.0
schedule_46 | [-1. 91. -1. 82. 28. -1. -1. -1. 31. 54. -1. -1. 59. -1. -1.] | fitness: 20.0
schedule_47 | [-1. 31. -1. -1. 82. 91. -1. -1. 59. 28. -1. -1. 54. -1. -1.] | fitness: 21.0
schedule_48 | [-1. 31. -1. -1. 54. 91. -1. -1. 82. 28. -1. -1. 59. -1. -1.] | fitness: 21.0
schedule_49 | [-1. 28. -1. -1. -1. 54. -1. -1. 31. 59. -1. -1. -1. 82. 91.] | fitness: 20.0

 ============== GEN:  4  ============== 

cpv.fitness:  [20. 20. 20. 20. 20. 20. 20. 20. 20. 20. 20. 20. 21. 20. 20. 21. 20. 20.
 20. 20. 20. 20. 20. 20. 21. 21. 20. 20. 21. 20. 20. 21. 20. 21. 20. 20.
 20. 21. 20. 20. 19. 21. 19. 20. 20. 20. 20. 20. 20. 20.]
############ global best ############
gbest schedule | [-1 59 -1 -1 54 91 -1 -1 82 28 -1 -1 31 -1 -1]
gbest fitness  | 21.0
############ pbest ############
schedule_0 | [-1. 31. -1. -1. 91. -1. -1. 82. 59. 28. -1. -1. 54. -1. -1.] | fitness: 21.0
schedule_1 | [-1. 31. -1. -1. -1. -1. 82. 91. 59. 28. -1. -1. 54. -1. -1.] | fitness: 21.0
schedule_2 | [-1. 31. -1. -1. -1. 28. -1. -1. -1. 91. 82. -1. 59. 54. -1.] | fitness: 20.0
schedule_3 | [82. 31. -1. -1. -1. 91. -1. -1. 59. 28. -1. -1. 54. -1. -1.] | fitness: 21.0
schedule_4 | [-1. 31. -1. 91. 82. -1. -1. -1. 59. 28. -1. -1. 54. -1. -1.] | fitness: 21.0
schedule_5 | [-1. 31. -1. -1. 59. 54. -1. 82. 28. 91. -1. -1. -1. -1. -1.] | fitness: 20.0
schedule_6 | [-1. 31. -1. -1. 59. 91. -1. -1. 54. 28. -1. -1. -1. -1. 82.] | fitness: 21.0
schedule_7 | [-1. 31. -1. -1. 54. -1. -1. -1. 59. 28. -1. 91. -1. -1. 82.] | fitness: 21.0
schedule_8 | [-1. 31. -1. -1. -1. 54. 82. -1. 28. 59. -1. 91. -1. -1. -1.] | fitness: 20.0
schedule_9 | [-1. 31. -1. -1. -1. -1. 59. 82. 91. 28. -1. -1. 54. -1. -1.] | fitness: 21.0
schedule_10 | [-1. 31. -1. -1. 59. 82. -1. -1. 54. 28. -1. -1. 91. -1. -1.] | fitness: 21.0
schedule_11 | [-1. 31. -1. -1. 28. 91. -1. 54. 82. -1. -1. -1. 59. -1. -1.] | fitness: 20.0
schedule_12 | [-1. 31. -1. -1. -1. 82. -1. -1. -1. 28. 59. -1. 54. 91. -1.] | fitness: 21.0
schedule_13 | [-1. 31. -1. -1. 91. 54. -1. 82. 28. -1. -1. -1. 59. -1. -1.] | fitness: 20.0
schedule_14 | [-1. 31. -1. -1. -1. 91. -1. -1. 59. 28. 54. -1. -1. 82. -1.] | fitness: 21.0
schedule_15 | [-1. 31. -1. -1. -1. 54. 82. -1. 91. 28. -1. -1. 59. -1. -1.] | fitness: 21.0
schedule_16 | [-1. 31. -1. 82. 59. -1. -1. -1. 54. -1. -1. -1. 28. -1. 91.] | fitness: 20.0
schedule_17 | [-1. 31. -1. -1. -1. 54. -1. -1. 28. 91. 82. -1. 59. -1. -1.] | fitness: 20.0
schedule_18 | [-1. 28. -1. -1. 59. 91. 82. -1. 54. -1. -1. -1. 31. -1. -1.] | fitness: 20.0
schedule_19 | [-1. 28. -1. 59. 91. 82. -1. -1. -1. 54. -1. -1. 31. -1. -1.] | fitness: 20.0
schedule_20 | [82. 31. -1. -1. 28. -1. -1. -1. 59. 91. -1. -1. 54. -1. -1.] | fitness: 20.0
schedule_21 | [-1. 54. -1. -1. 59. 28. -1. -1. 91. 31. -1. -1. 82. -1. -1.] | fitness: 20.0
schedule_22 | [-1. 31. 54. 91. -1. -1. -1. 82. 28. -1. -1. -1. 59. -1. -1.] | fitness: 20.0
schedule_23 | [-1. 31. -1. -1. 91. 54. -1. -1. 82. -1. 59. -1. 28. -1. -1.] | fitness: 20.0
schedule_24 | [-1. 31. -1. -1. 54. 91. -1. -1. 82. 28. -1. -1. 59. -1. -1.] | fitness: 21.0
schedule_25 | [-1. 31. -1. -1. 82. -1. -1. -1. 59. 28. -1. -1. 54. -1. 91.] | fitness: 21.0
schedule_26 | [-1. 91. -1. 59. -1. 54. -1. 82. -1. 31. -1. -1. 28. -1. -1.] | fitness: 20.0
schedule_27 | [-1. 31. -1. -1. 82. 91. -1. -1. 59. 28. -1. -1. 54. -1. -1.] | fitness: 21.0
schedule_28 | [-1. 31. -1. -1. 54. 82. -1. -1. 91. 28. -1. -1. 59. -1. -1.] | fitness: 21.0
schedule_29 | [-1. 31. -1. -1. 91. -1. -1. 82. 59. 28. -1. -1. 54. -1. -1.] | fitness: 21.0
schedule_30 | [-1. 82. -1. -1. 91. 54. -1. -1. 31. 28. -1. -1. 59. -1. -1.] | fitness: 21.0
schedule_31 | [54. 91. -1. -1. 82. 59. -1. -1. 31. 28. -1. -1. -1. -1. -1.] | fitness: 21.0
schedule_32 | [-1. 54. -1. -1. 28. -1. -1. -1. 91. 59. 82. -1. 31. -1. -1.] | fitness: 20.0
schedule_33 | [91. 31. -1. -1. 82. -1. -1. -1. 54. 28. -1. -1. 59. -1. -1.] | fitness: 21.0
schedule_34 | [-1. 59. -1. -1. 54. 91. -1. -1. 82. 28. -1. -1. 31. -1. -1.] | fitness: 21.0
schedule_35 | [-1. -1. -1. 54. -1. 91. -1. -1. 31. 28. -1. -1. 59. -1. 82.] | fitness: 21.0
schedule_36 | [-1. -1. -1. -1. 82. 59. -1. -1. -1. 28. 54. -1. 31. -1. 91.] | fitness: 21.0
schedule_37 | [-1. 31. -1. -1. 54. 82. -1. -1. -1. 28. -1. -1. 59. 91. -1.] | fitness: 21.0
schedule_38 | [-1. 28. -1. 82. 91. 59. -1. -1. -1. 31. -1. -1. 54. -1. -1.] | fitness: 20.0
schedule_39 | [-1. 31. -1. -1. 91. -1. -1. 82. 59. 28. -1. -1. 54. -1. -1.] | fitness: 21.0
schedule_40 | [-1. -1. -1. -1. 54. 59. -1. 91. 28. -1. 82. -1. 31. -1. -1.] | fitness: 20.0
schedule_41 | [-1. 59. -1. -1. 54. 91. -1. -1. 82. 28. -1. -1. 31. -1. -1.] | fitness: 21.0
schedule_42 | [-1. 31. -1. -1. 82. -1. -1. -1. 54. 28. -1. 91. 59. -1. -1.] | fitness: 21.0
schedule_43 | [-1. 31. -1. -1. 59. 54. -1. -1. 28. -1. 82. -1. -1. -1. 91.] | fitness: 20.0
schedule_44 | [-1. 31. -1. -1. 28. -1. 91. -1. 59. 54. -1. -1. 82. -1. -1.] | fitness: 20.0
schedule_45 | [-1. 31. -1. -1. -1. 54. 82. 59. -1. 28. -1. -1. 91. -1. -1.] | fitness: 21.0
schedule_46 | [-1. 31. -1. -1. 28. 59. -1. -1. 82. 91. -1. -1. 54. -1. -1.] | fitness: 20.0
schedule_47 | [-1. 31. -1. -1. 82. 91. -1. -1. 59. 28. -1. -1. 54. -1. -1.] | fitness: 21.0
schedule_48 | [-1. 31. -1. -1. 54. 91. -1. -1. 82. 28. -1. -1. 59. -1. -1.] | fitness: 21.0
schedule_49 | [31. 91. -1. -1. 59. 54. -1. -1. -1. -1. 82. -1. 28. -1. -1.] | fitness: 20.0

 ============== GEN:  5  ============== 

cpv.fitness:  [21. 21. 20. 21. 21. 20. 20. 20. 21. 20. 20. 20. 20. 20. 20. 20. 20. 20.
 20. 20. 20. 20. 20. 20. 20. 20. 19. 21. 21. 20. 20. 20. 21. 20. 20. 20.
 20. 21. 20. 19. 20. 20. 21. 20. 21. 20. 20. 20. 20. 20.]
############ global best ############
gbest schedule | [-1 31 -1 -1 59 82 -1 54 -1 28 -1 -1 91 -1 -1]
gbest fitness  | 21.0
############ pbest ############
schedule_0 | [-1. 31. -1. -1. 54. 91. -1. -1. 82. 28. -1. -1. 59. -1. -1.] | fitness: 21.0
schedule_1 | [-1. -1. -1. -1. 54. 59. -1. 31. 91. 28. -1. -1. -1. 82. -1.] | fitness: 21.0
schedule_2 | [-1. -1. -1. -1. 82. 54. -1. 91. 28. 31. -1. -1. 59. -1. -1.] | fitness: 20.0
schedule_3 | [-1. 59. -1. 54. -1. -1. -1. 91. -1. 28. -1. -1. 31. 82. -1.] | fitness: 21.0
schedule_4 | [-1. 82. -1. -1. 59. 54. -1. -1. 91. 28. -1. -1. 31. -1. -1.] | fitness: 21.0
schedule_5 | [-1. -1. -1. -1. 28. 59. -1. 82. -1. 54. 91. -1. 31. -1. -1.] | fitness: 20.0
schedule_6 | [-1. 31. -1. -1. 59. 91. -1. -1. 54. 28. -1. -1. -1. -1. 82.] | fitness: 21.0
schedule_7 | [-1. 31. -1. -1. 54. -1. -1. -1. 59. 28. -1. 91. -1. -1. 82.] | fitness: 21.0
schedule_8 | [-1. 31. -1. -1. 54. 91. 82. -1. -1. 28. -1. -1. 59. -1. -1.] | fitness: 21.0
schedule_9 | [-1. 31. -1. -1. -1. -1. 59. 82. 91. 28. -1. -1. 54. -1. -1.] | fitness: 21.0
schedule_10 | [-1. 31. -1. -1. 59. 82. -1. -1. 54. 28. -1. -1. 91. -1. -1.] | fitness: 21.0
schedule_11 | [-1. 31. -1. -1. 54. 59. -1. -1. 28. 91. 82. -1. -1. -1. -1.] | fitness: 20.0
schedule_12 | [-1. 31. -1. -1. -1. 82. -1. -1. -1. 28. 59. -1. 54. 91. -1.] | fitness: 21.0
schedule_13 | [-1. 59. -1. -1. 91. -1. -1. 54. 28. 82. -1. -1. 31. -1. -1.] | fitness: 20.0
schedule_14 | [-1. 31. -1. -1. -1. 91. -1. -1. 59. 28. 54. -1. -1. 82. -1.] | fitness: 21.0
schedule_15 | [-1. 31. -1. -1. -1. 54. 82. -1. 91. 28. -1. -1. 59. -1. -1.] | fitness: 21.0
schedule_16 | [-1. 91. -1. 82. -1. 54. -1. -1. 28. 59. -1. -1. 31. -1. -1.] | fitness: 20.0
schedule_17 | [-1. 31. -1. -1. 59. 91. -1. -1. -1. 54. -1. 82. 28. -1. -1.] | fitness: 20.0
schedule_18 | [-1. 31. -1. -1. -1. 54. -1. 59. 28. 91. -1. -1. 82. -1. -1.] | fitness: 20.0
schedule_19 | [-1. 31. -1. 82. -1. 28. -1. -1. -1. 54. 91. -1. 59. -1. -1.] | fitness: 20.0
schedule_20 | [-1. 91. -1. -1. -1. -1. -1. 31. 28. 54. 82. -1. 59. -1. -1.] | fitness: 20.0
schedule_21 | [-1. 31. 82. -1. 59. 28. -1. -1. 91. 54. -1. -1. -1. -1. -1.] | fitness: 20.0
schedule_22 | [-1. 59. -1. -1. 54. 28. -1. -1. 82. 91. -1. -1. 31. -1. -1.] | fitness: 20.0
schedule_23 | [-1. 31. -1. -1. 28. 59. -1. -1. 82. 91. -1. -1. 54. -1. -1.] | fitness: 20.0
schedule_24 | [-1. 31. -1. -1. 54. 91. -1. -1. 82. 28. -1. -1. 59. -1. -1.] | fitness: 21.0
schedule_25 | [-1. 31. -1. -1. 82. -1. -1. -1. 59. 28. -1. -1. 54. -1. 91.] | fitness: 21.0
schedule_26 | [-1. 91. -1. 59. -1. 54. -1. 82. -1. 31. -1. -1. 28. -1. -1.] | fitness: 20.0
schedule_27 | [-1. 31. -1. -1. 54. 91. -1. -1. 82. 28. -1. -1. 59. -1. -1.] | fitness: 21.0
schedule_28 | [-1. 31. -1. -1. 59. 91. -1. 54. 82. 28. -1. -1. -1. -1. -1.] | fitness: 21.0
schedule_29 | [-1. 31. -1. -1. 91. -1. -1. 82. 59. 28. -1. -1. 54. -1. -1.] | fitness: 21.0
schedule_30 | [-1. 82. -1. -1. 91. 54. -1. -1. 31. 28. -1. -1. 59. -1. -1.] | fitness: 21.0
schedule_31 | [54. 91. -1. -1. 82. 59. -1. -1. 31. 28. -1. -1. -1. -1. -1.] | fitness: 21.0
schedule_32 | [-1. 31. -1. -1. 54. -1. -1. -1. 91. 28. 82. -1. 59. -1. -1.] | fitness: 21.0
schedule_33 | [91. 31. -1. -1. 82. -1. -1. -1. 54. 28. -1. -1. 59. -1. -1.] | fitness: 21.0
schedule_34 | [-1. 59. -1. -1. 54. 91. -1. -1. 82. 28. -1. -1. 31. -1. -1.] | fitness: 21.0
schedule_35 | [-1. -1. -1. 54. -1. 91. -1. -1. 31. 28. -1. -1. 59. -1. 82.] | fitness: 21.0
schedule_36 | [-1. -1. -1. -1. 82. 59. -1. -1. -1. 28. 54. -1. 31. -1. 91.] | fitness: 21.0
schedule_37 | [-1. 31. -1. 82. 54. -1. -1. -1. 91. 28. -1. -1. 59. -1. -1.] | fitness: 21.0
schedule_38 | [-1. 54. -1. -1. 28. 91. -1. -1. 82. 31. -1. -1. 59. -1. -1.] | fitness: 20.0
schedule_39 | [-1. 31. -1. -1. 91. -1. -1. 82. 59. 28. -1. -1. 54. -1. -1.] | fitness: 21.0
schedule_40 | [-1. 59. -1. -1. 28. 91. -1. -1. 82. 54. -1. -1. 31. -1. -1.] | fitness: 20.0
schedule_41 | [-1. 59. -1. -1. 54. 91. -1. -1. 82. 28. -1. -1. 31. -1. -1.] | fitness: 21.0
schedule_42 | [-1. 31. -1. -1. 54. 91. -1. -1. 59. 28. -1. -1. 82. -1. -1.] | fitness: 21.0
schedule_43 | [-1. 31. -1. -1. -1. -1. -1. 82. 28. 59. 91. -1. 54. -1. -1.] | fitness: 20.0
schedule_44 | [-1. 31. -1. -1. 59. 82. -1. 54. -1. 28. -1. -1. 91. -1. -1.] | fitness: 21.0
schedule_45 | [-1. 31. -1. -1. -1. 54. 82. 59. -1. 28. -1. -1. 91. -1. -1.] | fitness: 21.0
schedule_46 | [-1. 31. -1. -1. -1. 59. 82. 54. 28. -1. -1. 91. -1. -1. -1.] | fitness: 20.0
schedule_47 | [-1. 31. -1. -1. 82. 91. -1. -1. 59. 28. -1. -1. 54. -1. -1.] | fitness: 21.0
schedule_48 | [-1. 31. -1. -1. 54. 91. -1. -1. 82. 28. -1. -1. 59. -1. -1.] | fitness: 21.0
schedule_49 | [59. 31. -1. -1. -1. 91. -1. -1. 82. 54. -1. -1. 28. -1. -1.] | fitness: 20.0

 ============== GEN:  6  ============== 

cpv.fitness:  [20. 20. 20. 20. 20. 19. 20. 20. 20. 20. 21. 21. 20. 20. 20. 20. 20. 20.
 20. 21. 21. 20. 20. 20. 21. 21. 19. 19. 20. 21. 20. 21. 20. 20. 19. 20.
 20. 20. 20. 19. 20. 20. 19. 20. 20. 20. 20. 20. 20. 21.]
############ global best ############
gbest schedule | [-1 31 -1 54 -1 -1 -1 -1 -1 28 -1 -1 91 59 82]
gbest fitness  | 21.0
############ pbest ############
schedule_0 | [-1. 31. -1. -1. 54. 91. -1. -1. 82. 28. -1. -1. 59. -1. -1.] | fitness: 21.0
schedule_1 | [-1. -1. -1. -1. 54. 59. -1. 31. 91. 28. -1. -1. -1. 82. -1.] | fitness: 21.0
schedule_2 | [-1. 31. -1. -1. 91. 54. 82. 59. -1. -1. 28. -1. -1. -1. -1.] | fitness: 20.0
schedule_3 | [-1. 59. -1. 54. -1. -1. -1. 91. -1. 28. -1. -1. 31. 82. -1.] | fitness: 21.0
schedule_4 | [-1. 82. -1. -1. 59. 54. -1. -1. 91. 28. -1. -1. 31. -1. -1.] | fitness: 21.0
schedule_5 | [-1. -1. -1. -1. 28. 59. -1. 82. -1. 54. 91. -1. 31. -1. -1.] | fitness: 20.0
schedule_6 | [-1. 31. -1. -1. 59. 91. -1. -1. 54. 28. -1. -1. -1. -1. 82.] | fitness: 21.0
schedule_7 | [-1. 31. -1. -1. 54. -1. -1. -1. 59. 28. -1. 91. -1. -1. 82.] | fitness: 21.0
schedule_8 | [-1. 31. -1. -1. 54. 91. 82. -1. -1. 28. -1. -1. 59. -1. -1.] | fitness: 21.0
schedule_9 | [-1. 31. -1. -1. -1. -1. 59. 82. 91. 28. -1. -1. 54. -1. -1.] | fitness: 21.0
schedule_10 | [-1. 31. -1. -1. -1. 54. -1. -1. -1. 28. 91. -1. 59. 82. -1.] | fitness: 21.0
schedule_11 | [-1. 59. -1. -1. 82. 54. -1. 31. -1. 28. -1. -1. 91. -1. -1.] | fitness: 21.0
schedule_12 | [-1. 31. -1. -1. -1. 82. -1. -1. -1. 28. 59. -1. 54. 91. -1.] | fitness: 21.0
schedule_13 | [-1. 31. -1. -1. 28. 91. 82. -1. -1. 54. -1. -1. 59. -1. -1.] | fitness: 20.0
schedule_14 | [-1. 31. -1. -1. -1. 91. -1. -1. 59. 28. 54. -1. -1. 82. -1.] | fitness: 21.0
schedule_15 | [-1. 31. -1. -1. -1. 54. 82. -1. 91. 28. -1. -1. 59. -1. -1.] | fitness: 21.0
schedule_16 | [28. 54. -1. 82. 59. 91. -1. -1. -1. -1. -1. -1. 31. -1. -1.] | fitness: 20.0
schedule_17 | [-1. -1. -1. -1. 28. 91. -1. 31. 59. 54. -1. -1. 82. -1. -1.] | fitness: 20.0
schedule_18 | [-1. 91. -1. -1. 82. 59. -1. -1. 54. 31. -1. -1. 28. -1. -1.] | fitness: 20.0
schedule_19 | [-1. 31. -1. -1. 59. 54. -1. -1. 82. 28. -1. -1. 91. -1. -1.] | fitness: 21.0
schedule_20 | [-1. 59. -1. -1. 54. 91. -1. 82. -1. 28. -1. -1. 31. -1. -1.] | fitness: 21.0
schedule_21 | [-1. 31. -1. 82. -1. 28. -1. -1. 59. -1. -1. -1. 54. -1. 91.] | fitness: 20.0
schedule_22 | [-1. 31. -1. 28. 82. -1. -1. 54. -1. 59. -1. -1. 91. -1. -1.] | fitness: 20.0
schedule_23 | [-1. 31. -1. -1. 28. 82. -1. -1. -1. 91. 59. -1. 54. -1. -1.] | fitness: 20.0
schedule_24 | [-1. 31. -1. -1. 54. 91. -1. -1. 82. 28. -1. -1. 59. -1. -1.] | fitness: 21.0
schedule_25 | [-1. 31. -1. -1. 54. 91. -1. -1. 59. 28. -1. -1. 82. -1. -1.] | fitness: 21.0
schedule_26 | [-1. 91. -1. 59. -1. 54. -1. 82. -1. 31. -1. -1. 28. -1. -1.] | fitness: 20.0
schedule_27 | [-1. 31. -1. -1. 54. 91. -1. -1. 82. 28. -1. -1. 59. -1. -1.] | fitness: 21.0
schedule_28 | [-1. 31. -1. -1. 59. 91. -1. 54. 82. 28. -1. -1. -1. -1. -1.] | fitness: 21.0
schedule_29 | [-1. 31. -1. -1. 59. -1. -1. 54. 91. 28. -1. -1. 82. -1. -1.] | fitness: 21.0
schedule_30 | [-1. 82. -1. -1. 91. 54. -1. -1. 31. 28. -1. -1. 59. -1. -1.] | fitness: 21.0
schedule_31 | [-1. 59. -1. -1. 91. 82. -1. -1. 54. 28. -1. -1. 31. -1. -1.] | fitness: 21.0
schedule_32 | [-1. 31. -1. -1. 54. -1. -1. -1. 91. 28. 82. -1. 59. -1. -1.] | fitness: 21.0
schedule_33 | [91. 31. -1. -1. 82. -1. -1. -1. 54. 28. -1. -1. 59. -1. -1.] | fitness: 21.0
schedule_34 | [-1. 59. -1. -1. 54. 91. -1. -1. 82. 28. -1. -1. 31. -1. -1.] | fitness: 21.0
schedule_35 | [-1. -1. -1. 54. -1. 91. -1. -1. 31. 28. -1. -1. 59. -1. 82.] | fitness: 21.0
schedule_36 | [-1. -1. -1. -1. 82. 59. -1. -1. -1. 28. 54. -1. 31. -1. 91.] | fitness: 21.0
schedule_37 | [-1. 31. -1. 82. 54. -1. -1. -1. 91. 28. -1. -1. 59. -1. -1.] | fitness: 21.0
schedule_38 | [-1. 31. -1. 82. -1. 54. -1. -1. -1. 59. 91. -1. 28. -1. -1.] | fitness: 20.0
schedule_39 | [-1. 31. -1. -1. 91. -1. -1. 82. 59. 28. -1. -1. 54. -1. -1.] | fitness: 21.0
schedule_40 | [-1. 31. -1. -1. 54. 82. -1. 28. -1. 91. -1. -1. 59. -1. -1.] | fitness: 20.0
schedule_41 | [-1. 59. -1. -1. 54. 91. -1. -1. 82. 28. -1. -1. 31. -1. -1.] | fitness: 21.0
schedule_42 | [-1. 31. -1. -1. 54. 91. -1. -1. 59. 28. -1. -1. 82. -1. -1.] | fitness: 21.0
schedule_43 | [-1. 31. -1. -1. 54. 28. -1. 59. -1. -1. 91. -1. 82. -1. -1.] | fitness: 20.0
schedule_44 | [-1. 31. -1. -1. 59. 82. -1. 54. -1. 28. -1. -1. 91. -1. -1.] | fitness: 21.0
schedule_45 | [-1. 31. -1. -1. -1. 54. 82. 59. -1. 28. -1. -1. 91. -1. -1.] | fitness: 21.0
schedule_46 | [-1. 31. -1. -1. 54. -1. -1. 28. 82. 91. -1. -1. 59. -1. -1.] | fitness: 20.0
schedule_47 | [-1. 31. -1. -1. 82. 91. -1. -1. 59. 28. -1. -1. 54. -1. -1.] | fitness: 21.0
schedule_48 | [-1. 31. -1. -1. 54. 91. -1. -1. 82. 28. -1. -1. 59. -1. -1.] | fitness: 21.0
schedule_49 | [-1. 31. -1. 54. -1. -1. -1. -1. -1. 28. -1. -1. 91. 59. 82.] | fitness: 21.0

 ============== GEN:  7  ============== 

